Determining if the pthread_create exist failed with the following output:
Change Dir: /home/labrat/Desktop/cam-proc/build/CMakeFiles/CMakeTmp

Run Build Command:"/usr/bin/make" "cmTC_7b040/fast"
/usr/bin/make -f CMakeFiles/cmTC_7b040.dir/build.make CMakeFiles/cmTC_7b040.dir/build
make[1]: Entering directory '/home/labrat/Desktop/cam-proc/build/CMakeFiles/CMakeTmp'
Building C object CMakeFiles/cmTC_7b040.dir/CheckSymbolExists.c.o
/usr/bin/gcc     -o CMakeFiles/cmTC_7b040.dir/CheckSymbolExists.c.o   -c /home/labrat/Desktop/cam-proc/build/CMakeFiles/CMakeTmp/CheckSymbolExists.c
Linking C executable cmTC_7b040
/usr/bin/cmake -E cmake_link_script CMakeFiles/cmTC_7b040.dir/link.txt --verbose=1
/usr/bin/gcc       CMakeFiles/cmTC_7b040.dir/CheckSymbolExists.c.o  -o cmTC_7b040 -rdynamic 
CMakeFiles/cmTC_7b040.dir/CheckSymbolExists.c.o: In function `main':
CheckSymbolExists.c:(.text+0x16): undefined reference to `pthread_create'
collect2: error: ld returned 1 exit status
CMakeFiles/cmTC_7b040.dir/build.make:97: recipe for target 'cmTC_7b040' failed
make[1]: *** [cmTC_7b040] Error 1
make[1]: Leaving directory '/home/labrat/Desktop/cam-proc/build/CMakeFiles/CMakeTmp'
Makefile:126: recipe for target 'cmTC_7b040/fast' failed
make: *** [cmTC_7b040/fast] Error 2

File /home/labrat/Desktop/cam-proc/build/CMakeFiles/CMakeTmp/CheckSymbolExists.c:
/* */
#include <pthread.h>

int main(int argc, char** argv)
{
  (void)argv;
#ifndef pthread_create
  return ((int*)(&pthread_create))[argc];
#else
  (void)argc;
  return 0;
#endif
}

Determining if the function pthread_create exists in the pthreads failed with the following output:
Change Dir: /home/labrat/Desktop/cam-proc/build/CMakeFiles/CMakeTmp

Run Build Command:"/usr/bin/make" "cmTC_97f18/fast"
/usr/bin/make -f CMakeFiles/cmTC_97f18.dir/build.make CMakeFiles/cmTC_97f18.dir/build
make[1]: Entering directory '/home/labrat/Desktop/cam-proc/build/CMakeFiles/CMakeTmp'
Building C object CMakeFiles/cmTC_97f18.dir/CheckFunctionExists.c.o
/usr/bin/gcc    -DCHECK_FUNCTION_EXISTS=pthread_create   -o CMakeFiles/cmTC_97f18.dir/CheckFunctionExists.c.o   -c /usr/share/cmake-3.5/Modules/CheckFunctionExists.c
Linking C executable cmTC_97f18
/usr/bin/cmake -E cmake_link_script CMakeFiles/cmTC_97f18.dir/link.txt --verbose=1
/usr/bin/gcc   -DCHECK_FUNCTION_EXISTS=pthread_create    CMakeFiles/cmTC_97f18.dir/CheckFunctionExists.c.o  -o cmTC_97f18 -rdynamic -lpthreads 
/usr/bin/ld: cannot find -lpthreads
collect2: error: ld returned 1 exit status
CMakeFiles/cmTC_97f18.dir/build.make:97: recipe for target 'cmTC_97f18' failed
make[1]: *** [cmTC_97f18] Error 1
make[1]: Leaving directory '/home/labrat/Desktop/cam-proc/build/CMakeFiles/CMakeTmp'
Makefile:126: recipe for target 'cmTC_97f18/fast' failed
make: *** [cmTC_97f18/fast] Error 2


